0 info it worked if it ends with ok
1 verbose cli [ 'C:\\Program Files\\nodejs\\node.exe',
1 verbose cli   'C:\\Program Files\\nodejs\\node_modules\\npm\\bin\\npm-cli.js',
1 verbose cli   'run',
1 verbose cli   'serve' ]
2 info using npm@3.10.10
3 info using node@v6.11.4
4 verbose run-script [ 'preserve', 'serve', 'postserve' ]
5 info lifecycle material-start@0.0.3~preserve: material-start@0.0.3
6 silly lifecycle material-start@0.0.3~preserve: no script for preserve, continuing
7 info lifecycle material-start@0.0.3~serve: material-start@0.0.3
8 verbose lifecycle material-start@0.0.3~serve: unsafe-perm in lifecycle true
9 verbose lifecycle material-start@0.0.3~serve: PATH: C:\Program Files\nodejs\node_modules\npm\bin\node-gyp-bin;C:\Users\Jaime Gonzalez\Desktop\material-start\node_modules\.bin;C:\Users\Jaime Gonzalez\bin;C:\Program Files\Git\usr\local\bin;C:\Program Files\Git\usr\bin;C:\Program Files\Git\usr\bin;C:\Program Files\Git\opt\bin;C:\Program Files (x86)\Intel\iCLS Client;C:\Program Files\Intel\iCLS Client;C:\Windows\system32;C:\Windows;C:\Windows\System32\Wbem;C:\Windows\System32\WindowsPowerShell\v1.0;C:\Program Files\dotnet;C:\Program Files\Microsoft SQL Server\Client SDK\ODBC\130\Tools\Binn;C:\Program Files (x86)\Microsoft SQL Server\130\Tools\Binn;C:\Program Files\Microsoft SQL Server\130\Tools\Binn;C:\Program Files\Microsoft SQL Server\130\DTS\Binn;C:\Program Files (x86)\Microsoft SQL Server\Client SDK\ODBC\130\Tools\Binn;C:\Program Files (x86)\Microsoft SQL Server\140\Tools\Binn;C:\Program Files (x86)\Microsoft SQL Server\140\DTS\Binn;C:\Program Files (x86)\Microsoft SQL Server\140\Tools\Binn\ManagementStudio;C:\Program Files\Git\cmd;C:\Program Files\nodejs;C:\Program Files (x86)\Brackets\command;C:\Users\Jaime Gonzalez\AppData\Local\Microsoft\WindowsApps;C:\Users\Jaime Gonzalez\AppData\Local\atom\bin;C:\Program Files\Microsoft VS Code\bin;C:\Users\Jaime Gonzalez\AppData\Roaming\npm;C:\Program Files\Git\usr\bin\vendor_perl;C:\Program Files\Git\usr\bin\core_perl
10 verbose lifecycle material-start@0.0.3~serve: CWD: C:\Users\Jaime Gonzalez\Desktop\material-start
11 silly lifecycle material-start@0.0.3~serve: Args: [ '/d /s /c', 'live-server ./app' ]
12 silly lifecycle material-start@0.0.3~serve: Returned: code: 1  signal: null
13 info lifecycle material-start@0.0.3~serve: Failed to exec serve script
14 verbose stack Error: material-start@0.0.3 serve: `live-server ./app`
14 verbose stack Exit status 1
14 verbose stack     at EventEmitter.<anonymous> (C:\Program Files\nodejs\node_modules\npm\lib\utils\lifecycle.js:255:16)
14 verbose stack     at emitTwo (events.js:106:13)
14 verbose stack     at EventEmitter.emit (events.js:191:7)
14 verbose stack     at ChildProcess.<anonymous> (C:\Program Files\nodejs\node_modules\npm\lib\utils\spawn.js:40:14)
14 verbose stack     at emitTwo (events.js:106:13)
14 verbose stack     at ChildProcess.emit (events.js:191:7)
14 verbose stack     at maybeClose (internal/child_process.js:920:16)
14 verbose stack     at Process.ChildProcess._handle.onexit (internal/child_process.js:230:5)
15 verbose pkgid material-start@0.0.3
16 verbose cwd C:\Users\Jaime Gonzalez\Desktop\material-start\app
17 error Windows_NT 10.0.15063
18 error argv "C:\\Program Files\\nodejs\\node.exe" "C:\\Program Files\\nodejs\\node_modules\\npm\\bin\\npm-cli.js" "run" "serve"
19 error node v6.11.4
20 error npm  v3.10.10
21 error code ELIFECYCLE
22 error material-start@0.0.3 serve: `live-server ./app`
22 error Exit status 1
23 error Failed at the material-start@0.0.3 serve script 'live-server ./app'.
23 error Make sure you have the latest version of node.js and npm installed.
23 error If you do, this is most likely a problem with the material-start package,
23 error not with npm itself.
23 error Tell the author that this fails on your system:
23 error     live-server ./app
23 error You can get information on how to open an issue for this project with:
23 error     npm bugs material-start
23 error Or if that isn't available, you can get their info via:
23 error     npm owner ls material-start
23 error There is likely additional logging output above.
24 verbose exit [ 1, true ]
